[[  0.00000000e+00   5.80000000e-01   6.50000000e-01   2.25000000e-01
    1.00000000e+00]
 [  1.00000000e+00   5.80000000e-01   6.50000000e-01   5.00000000e-02
    1.00000000e+00]
 [  2.00000000e+00   5.80000000e-01   6.50000000e-01   4.00000000e-01
    1.00000000e+00]
 [  3.00000000e+00   5.80000000e-01   6.50000000e-01   1.37500000e-01
    1.00000000e+00]
 [  4.00000000e+00   5.80000000e-01   6.50000000e-01   3.12500000e-01
    1.00000000e+00]
 [  5.00000000e+00   5.80000000e-01   6.50000000e-01   9.37500000e-02
    1.00000000e+00]
 [  6.00000000e+00   5.80000000e-01   6.50000000e-01   1.81250000e-01
    1.00000000e+00]
 [  7.00000000e+00   5.80000000e-01   6.50000000e-01   2.68750000e-01
    1.00000000e+00]
 [  8.00000000e+00   5.80000000e-01   6.50000000e-01   3.56250000e-01
    1.00000000e+00]
 [  9.00000000e+00   5.80000000e-01   6.50000000e-01   7.18750000e-02
    1.00000000e+00]
 [  1.00000000e+01   5.80000000e-01   6.50000000e-01   1.15625000e-01
    1.00000000e+00]
 [  1.10000000e+01   5.80000000e-01   6.50000000e-01   1.59375000e-01
    1.00000000e+00]
 [  1.20000000e+01   5.80000000e-01   6.50000000e-01   2.03125000e-01
    1.00000000e+00]
 [  1.30000000e+01   5.80000000e-01   6.50000000e-01   2.46875000e-01
    1.00000000e+00]
 [  1.40000000e+01   5.80000000e-01   6.50000000e-01   2.90625000e-01
    1.00000000e+00]
 [  1.50000000e+01   5.80000000e-01   6.50000000e-01   3.34375000e-01
    1.00000000e+00]
 [  1.60000000e+01   5.80000000e-01   6.50000000e-01   3.78125000e-01
    1.00000000e+00]
 [  1.70000000e+01   5.80000000e-01   5.60000000e-01   2.25000000e-01
    1.00000000e+00]
 [  1.80000000e+01   5.80000000e-01   5.60000000e-01   5.00000000e-02
    1.00000000e+00]
 [  1.90000000e+01   5.80000000e-01   5.60000000e-01   4.00000000e-01
    1.00000000e+00]
 [  2.00000000e+01   5.80000000e-01   5.60000000e-01   1.37500000e-01
    1.00000000e+00]
 [  2.10000000e+01   5.80000000e-01   5.60000000e-01   3.12500000e-01
    1.00000000e+00]
 [  2.20000000e+01   5.80000000e-01   5.60000000e-01   9.37500000e-02
    1.00000000e+00]
 [  2.30000000e+01   5.80000000e-01   5.60000000e-01   1.81250000e-01
    1.00000000e+00]
 [  2.40000000e+01   5.80000000e-01   5.60000000e-01   2.68750000e-01
    1.00000000e+00]
 [  2.50000000e+01   5.80000000e-01   5.60000000e-01   3.56250000e-01
    1.00000000e+00]
 [  2.60000000e+01   5.80000000e-01   7.40000000e-01   2.25000000e-01
    1.00000000e+00]
 [  2.70000000e+01   5.80000000e-01   7.40000000e-01   5.00000000e-02
    1.00000000e+00]
 [  2.80000000e+01   5.80000000e-01   7.40000000e-01   4.00000000e-01
    1.00000000e+00]
 [  2.90000000e+01   5.80000000e-01   7.40000000e-01   1.37500000e-01
    1.00000000e+00]
 [  3.00000000e+01   5.80000000e-01   7.40000000e-01   3.12500000e-01
    1.00000000e+00]
 [  3.10000000e+01   5.80000000e-01   7.40000000e-01   9.37500000e-02
    1.00000000e+00]
 [  3.20000000e+01   5.80000000e-01   7.40000000e-01   1.81250000e-01
    1.00000000e+00]
 [  3.30000000e+01   5.80000000e-01   7.40000000e-01   2.68750000e-01
    1.00000000e+00]
 [  3.40000000e+01   5.80000000e-01   7.40000000e-01   3.56250000e-01
    1.00000000e+00]
 [  3.50000000e+01   5.80000000e-01   6.05000000e-01   2.25000000e-01
    1.00000000e+00]
 [  3.60000000e+01   5.80000000e-01   6.05000000e-01   5.00000000e-02
    1.00000000e+00]
 [  3.70000000e+01   5.80000000e-01   6.05000000e-01   4.00000000e-01
    1.00000000e+00]
 [  3.80000000e+01   5.80000000e-01   6.05000000e-01   1.37500000e-01
    1.00000000e+00]
 [  3.90000000e+01   5.80000000e-01   6.05000000e-01   3.12500000e-01
    1.00000000e+00]
 [  4.00000000e+01   5.80000000e-01   6.95000000e-01   2.25000000e-01
    1.00000000e+00]
 [  4.10000000e+01   5.80000000e-01   6.95000000e-01   5.00000000e-02
    1.00000000e+00]
 [  4.20000000e+01   5.80000000e-01   6.95000000e-01   4.00000000e-01
    1.00000000e+00]
 [  4.30000000e+01   5.80000000e-01   6.95000000e-01   1.37500000e-01
    1.00000000e+00]
 [  4.40000000e+01   5.80000000e-01   6.95000000e-01   3.12500000e-01
    1.00000000e+00]
 [  4.50000000e+01   5.80000000e-01   5.82500000e-01   2.25000000e-01
    1.00000000e+00]
 [  4.60000000e+01   5.80000000e-01   5.82500000e-01   5.00000000e-02
    1.00000000e+00]
 [  4.70000000e+01   5.80000000e-01   5.82500000e-01   4.00000000e-01
    1.00000000e+00]
 [  4.80000000e+01   5.80000000e-01   6.27500000e-01   2.25000000e-01
    1.00000000e+00]
 [  4.90000000e+01   5.80000000e-01   6.27500000e-01   5.00000000e-02
    1.00000000e+00]
 [  5.00000000e+01   5.80000000e-01   6.27500000e-01   4.00000000e-01
    1.00000000e+00]
 [  5.10000000e+01   5.80000000e-01   6.72500000e-01   2.25000000e-01
    1.00000000e+00]
 [  5.20000000e+01   5.80000000e-01   6.72500000e-01   5.00000000e-02
    1.00000000e+00]
 [  5.30000000e+01   5.80000000e-01   6.72500000e-01   4.00000000e-01
    1.00000000e+00]
 [  5.40000000e+01   5.80000000e-01   7.17500000e-01   2.25000000e-01
    1.00000000e+00]
 [  5.50000000e+01   5.80000000e-01   7.17500000e-01   5.00000000e-02
    1.00000000e+00]
 [  5.60000000e+01   5.80000000e-01   7.17500000e-01   4.00000000e-01
    1.00000000e+00]
 [  5.70000000e+01   5.80000000e-01   5.71250000e-01   2.25000000e-01
    1.00000000e+00]
 [  5.80000000e+01   5.80000000e-01   5.93750000e-01   2.25000000e-01
    1.00000000e+00]
 [  5.90000000e+01   5.80000000e-01   6.16250000e-01   2.25000000e-01
    1.00000000e+00]
 [  6.00000000e+01   5.80000000e-01   6.38750000e-01   2.25000000e-01
    1.00000000e+00]
 [  6.10000000e+01   5.80000000e-01   6.61250000e-01   2.25000000e-01
    1.00000000e+00]
 [  6.20000000e+01   5.80000000e-01   6.83750000e-01   2.25000000e-01
    1.00000000e+00]
 [  6.30000000e+01   5.80000000e-01   7.06250000e-01   2.25000000e-01
    1.00000000e+00]
 [  6.40000000e+01   5.80000000e-01   7.28750000e-01   2.25000000e-01
    1.00000000e+00]
 [  6.50000000e+01   5.00000000e-01   6.50000000e-01   2.25000000e-01
    1.00000000e+00]
 [  6.60000000e+01   5.00000000e-01   6.50000000e-01   5.00000000e-02
    1.00000000e+00]
 [  6.70000000e+01   5.00000000e-01   6.50000000e-01   4.00000000e-01
    1.00000000e+00]
 [  6.80000000e+01   5.00000000e-01   6.50000000e-01   1.37500000e-01
    1.00000000e+00]
 [  6.90000000e+01   5.00000000e-01   6.50000000e-01   3.12500000e-01
    1.00000000e+00]
 [  7.00000000e+01   5.00000000e-01   6.50000000e-01   9.37500000e-02
    1.00000000e+00]
 [  7.10000000e+01   5.00000000e-01   6.50000000e-01   1.81250000e-01
    1.00000000e+00]
 [  7.20000000e+01   5.00000000e-01   6.50000000e-01   2.68750000e-01
    1.00000000e+00]
 [  7.30000000e+01   5.00000000e-01   6.50000000e-01   3.56250000e-01
    1.00000000e+00]
 [  7.40000000e+01   5.00000000e-01   5.60000000e-01   2.25000000e-01
    1.00000000e+00]
 [  7.50000000e+01   5.00000000e-01   5.60000000e-01   5.00000000e-02
    1.00000000e+00]
 [  7.60000000e+01   5.00000000e-01   5.60000000e-01   4.00000000e-01
    1.00000000e+00]
 [  7.70000000e+01   5.00000000e-01   5.60000000e-01   1.37500000e-01
    1.00000000e+00]
 [  7.80000000e+01   5.00000000e-01   5.60000000e-01   3.12500000e-01
    1.00000000e+00]
 [  7.90000000e+01   5.00000000e-01   7.40000000e-01   2.25000000e-01
    1.00000000e+00]
 [  8.00000000e+01   5.00000000e-01   7.40000000e-01   5.00000000e-02
    1.00000000e+00]
 [  8.10000000e+01   5.00000000e-01   7.40000000e-01   4.00000000e-01
    1.00000000e+00]
 [  8.20000000e+01   5.00000000e-01   7.40000000e-01   1.37500000e-01
    1.00000000e+00]
 [  8.30000000e+01   5.00000000e-01   7.40000000e-01   3.12500000e-01
    1.00000000e+00]
 [  8.40000000e+01   5.00000000e-01   6.05000000e-01   2.25000000e-01
    1.00000000e+00]
 [  8.50000000e+01   5.00000000e-01   6.05000000e-01   5.00000000e-02
    1.00000000e+00]
 [  8.60000000e+01   5.00000000e-01   6.05000000e-01   4.00000000e-01
    1.00000000e+00]
 [  8.70000000e+01   5.00000000e-01   6.95000000e-01   2.25000000e-01
    1.00000000e+00]
 [  8.80000000e+01   5.00000000e-01   6.95000000e-01   5.00000000e-02
    1.00000000e+00]
 [  8.90000000e+01   5.00000000e-01   6.95000000e-01   4.00000000e-01
    1.00000000e+00]
 [  9.00000000e+01   5.00000000e-01   5.82500000e-01   2.25000000e-01
    1.00000000e+00]
 [  9.10000000e+01   5.00000000e-01   6.27500000e-01   2.25000000e-01
    1.00000000e+00]
 [  9.20000000e+01   5.00000000e-01   6.72500000e-01   2.25000000e-01
    1.00000000e+00]
 [  9.30000000e+01   5.00000000e-01   7.17500000e-01   2.25000000e-01
    1.00000000e+00]
 [  9.40000000e+01   6.60000000e-01   6.50000000e-01   2.25000000e-01
    1.00000000e+00]
 [  9.50000000e+01   6.60000000e-01   6.50000000e-01   5.00000000e-02
    1.00000000e+00]
 [  9.60000000e+01   6.60000000e-01   6.50000000e-01   4.00000000e-01
    1.00000000e+00]
 [  9.70000000e+01   6.60000000e-01   6.50000000e-01   1.37500000e-01
    1.00000000e+00]
 [  9.80000000e+01   6.60000000e-01   6.50000000e-01   3.12500000e-01
    1.00000000e+00]
 [  9.90000000e+01   6.60000000e-01   6.50000000e-01   9.37500000e-02
    1.00000000e+00]
 [  1.00000000e+02   6.60000000e-01   6.50000000e-01   1.81250000e-01
    1.00000000e+00]
 [  1.01000000e+02   6.60000000e-01   6.50000000e-01   2.68750000e-01
    1.00000000e+00]
 [  1.02000000e+02   6.60000000e-01   6.50000000e-01   3.56250000e-01
    1.00000000e+00]
 [  1.03000000e+02   6.60000000e-01   5.60000000e-01   2.25000000e-01
    1.00000000e+00]
 [  1.04000000e+02   6.60000000e-01   5.60000000e-01   5.00000000e-02
    1.00000000e+00]
 [  1.05000000e+02   6.60000000e-01   5.60000000e-01   4.00000000e-01
    1.00000000e+00]
 [  1.06000000e+02   6.60000000e-01   5.60000000e-01   1.37500000e-01
    1.00000000e+00]
 [  1.07000000e+02   6.60000000e-01   5.60000000e-01   3.12500000e-01
    1.00000000e+00]
 [  1.08000000e+02   6.60000000e-01   7.40000000e-01   2.25000000e-01
    1.00000000e+00]
 [  1.09000000e+02   6.60000000e-01   7.40000000e-01   5.00000000e-02
    1.00000000e+00]
 [  1.10000000e+02   6.60000000e-01   7.40000000e-01   4.00000000e-01
    1.00000000e+00]
 [  1.11000000e+02   6.60000000e-01   7.40000000e-01   1.37500000e-01
    1.00000000e+00]
 [  1.12000000e+02   6.60000000e-01   7.40000000e-01   3.12500000e-01
    1.00000000e+00]
 [  1.13000000e+02   6.60000000e-01   6.05000000e-01   2.25000000e-01
    1.00000000e+00]
 [  1.14000000e+02   6.60000000e-01   6.05000000e-01   5.00000000e-02
    1.00000000e+00]
 [  1.15000000e+02   6.60000000e-01   6.05000000e-01   4.00000000e-01
    1.00000000e+00]
 [  1.16000000e+02   6.60000000e-01   6.95000000e-01   2.25000000e-01
    1.00000000e+00]
 [  1.17000000e+02   6.60000000e-01   6.95000000e-01   5.00000000e-02
    1.00000000e+00]
 [  1.18000000e+02   6.60000000e-01   6.95000000e-01   4.00000000e-01
    1.00000000e+00]
 [  1.19000000e+02   6.60000000e-01   5.82500000e-01   2.25000000e-01
    1.00000000e+00]
 [  1.20000000e+02   6.60000000e-01   6.27500000e-01   2.25000000e-01
    1.00000000e+00]
 [  1.21000000e+02   6.60000000e-01   6.72500000e-01   2.25000000e-01
    1.00000000e+00]
 [  1.22000000e+02   6.60000000e-01   7.17500000e-01   2.25000000e-01
    1.00000000e+00]
 [  1.23000000e+02   5.40000000e-01   6.50000000e-01   2.25000000e-01
    1.00000000e+00]
 [  1.24000000e+02   5.40000000e-01   6.50000000e-01   5.00000000e-02
    1.00000000e+00]
 [  1.25000000e+02   5.40000000e-01   6.50000000e-01   4.00000000e-01
    1.00000000e+00]
 [  1.26000000e+02   5.40000000e-01   6.50000000e-01   1.37500000e-01
    1.00000000e+00]
 [  1.27000000e+02   5.40000000e-01   6.50000000e-01   3.12500000e-01
    1.00000000e+00]
 [  1.28000000e+02   5.40000000e-01   5.60000000e-01   2.25000000e-01
    1.00000000e+00]
 [  1.29000000e+02   5.40000000e-01   5.60000000e-01   5.00000000e-02
    1.00000000e+00]
 [  1.30000000e+02   5.40000000e-01   5.60000000e-01   4.00000000e-01
    1.00000000e+00]
 [  1.31000000e+02   5.40000000e-01   7.40000000e-01   2.25000000e-01
    1.00000000e+00]
 [  1.32000000e+02   5.40000000e-01   7.40000000e-01   5.00000000e-02
    1.00000000e+00]
 [  1.33000000e+02   5.40000000e-01   7.40000000e-01   4.00000000e-01
    1.00000000e+00]
 [  1.34000000e+02   5.40000000e-01   6.05000000e-01   2.25000000e-01
    1.00000000e+00]
 [  1.35000000e+02   5.40000000e-01   6.95000000e-01   2.25000000e-01
    1.00000000e+00]
 [  1.36000000e+02   6.20000000e-01   6.50000000e-01   2.25000000e-01
    1.00000000e+00]
 [  1.37000000e+02   6.20000000e-01   6.50000000e-01   5.00000000e-02
    1.00000000e+00]
 [  1.38000000e+02   6.20000000e-01   6.50000000e-01   4.00000000e-01
    1.00000000e+00]
 [  1.39000000e+02   6.20000000e-01   6.50000000e-01   1.37500000e-01
    1.00000000e+00]
 [  1.40000000e+02   6.20000000e-01   6.50000000e-01   3.12500000e-01
    1.00000000e+00]
 [  1.41000000e+02   6.20000000e-01   5.60000000e-01   2.25000000e-01
    1.00000000e+00]
 [  1.42000000e+02   6.20000000e-01   5.60000000e-01   5.00000000e-02
    1.00000000e+00]
 [  1.43000000e+02   6.20000000e-01   5.60000000e-01   4.00000000e-01
    1.00000000e+00]
 [  1.44000000e+02   6.20000000e-01   7.40000000e-01   2.25000000e-01
    1.00000000e+00]
 [  1.45000000e+02   6.20000000e-01   7.40000000e-01   5.00000000e-02
    1.00000000e+00]
 [  1.46000000e+02   6.20000000e-01   7.40000000e-01   4.00000000e-01
    1.00000000e+00]
 [  1.47000000e+02   6.20000000e-01   6.05000000e-01   2.25000000e-01
    1.00000000e+00]
 [  1.48000000e+02   6.20000000e-01   6.95000000e-01   2.25000000e-01
    1.00000000e+00]
 [  1.49000000e+02   5.20000000e-01   6.50000000e-01   2.25000000e-01
    1.00000000e+00]
 [  1.50000000e+02   5.20000000e-01   6.50000000e-01   5.00000000e-02
    1.00000000e+00]
 [  1.51000000e+02   5.20000000e-01   6.50000000e-01   4.00000000e-01
    1.00000000e+00]
 [  1.52000000e+02   5.20000000e-01   5.60000000e-01   2.25000000e-01
    1.00000000e+00]
 [  1.53000000e+02   5.20000000e-01   7.40000000e-01   2.25000000e-01
    1.00000000e+00]
 [  1.54000000e+02   5.60000000e-01   6.50000000e-01   2.25000000e-01
    1.00000000e+00]
 [  1.55000000e+02   5.60000000e-01   6.50000000e-01   5.00000000e-02
    1.00000000e+00]
 [  1.56000000e+02   5.60000000e-01   6.50000000e-01   4.00000000e-01
    1.00000000e+00]
 [  1.57000000e+02   5.60000000e-01   5.60000000e-01   2.25000000e-01
    1.00000000e+00]
 [  1.58000000e+02   5.60000000e-01   7.40000000e-01   2.25000000e-01
    1.00000000e+00]
 [  1.59000000e+02   6.00000000e-01   6.50000000e-01   2.25000000e-01
    1.00000000e+00]
 [  1.60000000e+02   6.00000000e-01   6.50000000e-01   5.00000000e-02
    1.00000000e+00]
 [  1.61000000e+02   6.00000000e-01   6.50000000e-01   4.00000000e-01
    1.00000000e+00]
 [  1.62000000e+02   6.00000000e-01   5.60000000e-01   2.25000000e-01
    1.00000000e+00]
 [  1.63000000e+02   6.00000000e-01   7.40000000e-01   2.25000000e-01
    1.00000000e+00]
 [  1.64000000e+02   6.40000000e-01   6.50000000e-01   2.25000000e-01
    1.00000000e+00]
 [  1.65000000e+02   6.40000000e-01   6.50000000e-01   5.00000000e-02
    1.00000000e+00]
 [  1.66000000e+02   6.40000000e-01   6.50000000e-01   4.00000000e-01
    1.00000000e+00]
 [  1.67000000e+02   6.40000000e-01   5.60000000e-01   2.25000000e-01
    1.00000000e+00]
 [  1.68000000e+02   6.40000000e-01   7.40000000e-01   2.25000000e-01
    1.00000000e+00]
 [  1.69000000e+02   5.10000000e-01   6.50000000e-01   2.25000000e-01
    1.00000000e+00]
 [  1.70000000e+02   5.30000000e-01   6.50000000e-01   2.25000000e-01
    1.00000000e+00]
 [  1.71000000e+02   5.50000000e-01   6.50000000e-01   2.25000000e-01
    1.00000000e+00]
 [  1.72000000e+02   5.70000000e-01   6.50000000e-01   2.25000000e-01
    1.00000000e+00]
 [  1.73000000e+02   5.90000000e-01   6.50000000e-01   2.25000000e-01
    1.00000000e+00]
 [  1.74000000e+02   6.10000000e-01   6.50000000e-01   2.25000000e-01
    1.00000000e+00]
 [  1.75000000e+02   6.30000000e-01   6.50000000e-01   2.25000000e-01
    1.00000000e+00]
 [  1.76000000e+02   6.50000000e-01   6.50000000e-01   2.25000000e-01
    1.00000000e+00]]
number of points, sigma one 103
number of points, sigma one 99
number of points, sigma one 94
number of points, sigma one 113
number of points, sigma one 185
number of points, sigma one 253
number of points, sigma one 386
number of points, sigma one 544
number of points, sigma one 691
number of points, sigma one 848
number of points, sigma one 1129
number of points, sigma one 1533
number of points, sigma one 2013
number of points, sigma one 2846
[[  0.00000000e+00   5.80000000e-01   6.50000000e-01   2.25000000e-01
    2.00000000e+00]
 [  1.00000000e+00   5.80000000e-01   6.50000000e-01   5.00000000e-02
    2.00000000e+00]
 [  2.00000000e+00   5.80000000e-01   6.50000000e-01   4.00000000e-01
    2.00000000e+00]
 [  3.00000000e+00   5.80000000e-01   6.50000000e-01   1.37500000e-01
    2.00000000e+00]
 [  4.00000000e+00   5.80000000e-01   6.50000000e-01   3.12500000e-01
    2.00000000e+00]
 [  5.00000000e+00   5.80000000e-01   6.50000000e-01   9.37500000e-02
    2.00000000e+00]
 [  6.00000000e+00   5.80000000e-01   6.50000000e-01   1.81250000e-01
    2.00000000e+00]
 [  7.00000000e+00   5.80000000e-01   6.50000000e-01   2.68750000e-01
    2.00000000e+00]
 [  8.00000000e+00   5.80000000e-01   6.50000000e-01   3.56250000e-01
    2.00000000e+00]
 [  9.00000000e+00   5.80000000e-01   6.50000000e-01   7.18750000e-02
    2.00000000e+00]
 [  1.00000000e+01   5.80000000e-01   6.50000000e-01   1.15625000e-01
    2.00000000e+00]
 [  1.10000000e+01   5.80000000e-01   6.50000000e-01   1.59375000e-01
    2.00000000e+00]
 [  1.20000000e+01   5.80000000e-01   6.50000000e-01   2.03125000e-01
    2.00000000e+00]
 [  1.30000000e+01   5.80000000e-01   6.50000000e-01   2.46875000e-01
    2.00000000e+00]
 [  1.40000000e+01   5.80000000e-01   6.50000000e-01   2.90625000e-01
    2.00000000e+00]
 [  1.50000000e+01   5.80000000e-01   6.50000000e-01   3.34375000e-01
    2.00000000e+00]
 [  1.60000000e+01   5.80000000e-01   6.50000000e-01   3.78125000e-01
    2.00000000e+00]
 [  1.70000000e+01   5.80000000e-01   5.60000000e-01   2.25000000e-01
    2.00000000e+00]
 [  1.80000000e+01   5.80000000e-01   5.60000000e-01   5.00000000e-02
    2.00000000e+00]
 [  1.90000000e+01   5.80000000e-01   5.60000000e-01   4.00000000e-01
    2.00000000e+00]
 [  2.00000000e+01   5.80000000e-01   5.60000000e-01   1.37500000e-01
    2.00000000e+00]
 [  2.10000000e+01   5.80000000e-01   5.60000000e-01   3.12500000e-01
    2.00000000e+00]
 [  2.20000000e+01   5.80000000e-01   5.60000000e-01   9.37500000e-02
    2.00000000e+00]
 [  2.30000000e+01   5.80000000e-01   5.60000000e-01   1.81250000e-01
    2.00000000e+00]
 [  2.40000000e+01   5.80000000e-01   5.60000000e-01   2.68750000e-01
    2.00000000e+00]
 [  2.50000000e+01   5.80000000e-01   5.60000000e-01   3.56250000e-01
    2.00000000e+00]
 [  2.60000000e+01   5.80000000e-01   7.40000000e-01   2.25000000e-01
    2.00000000e+00]
 [  2.70000000e+01   5.80000000e-01   7.40000000e-01   5.00000000e-02
    2.00000000e+00]
 [  2.80000000e+01   5.80000000e-01   7.40000000e-01   4.00000000e-01
    2.00000000e+00]
 [  2.90000000e+01   5.80000000e-01   7.40000000e-01   1.37500000e-01
    2.00000000e+00]
 [  3.00000000e+01   5.80000000e-01   7.40000000e-01   3.12500000e-01
    2.00000000e+00]
 [  3.10000000e+01   5.80000000e-01   7.40000000e-01   9.37500000e-02
    2.00000000e+00]
 [  3.20000000e+01   5.80000000e-01   7.40000000e-01   1.81250000e-01
    2.00000000e+00]
 [  3.30000000e+01   5.80000000e-01   7.40000000e-01   2.68750000e-01
    2.00000000e+00]
 [  3.40000000e+01   5.80000000e-01   7.40000000e-01   3.56250000e-01
    2.00000000e+00]
 [  3.50000000e+01   5.80000000e-01   6.05000000e-01   2.25000000e-01
    2.00000000e+00]
 [  3.60000000e+01   5.80000000e-01   6.05000000e-01   5.00000000e-02
    2.00000000e+00]
 [  3.70000000e+01   5.80000000e-01   6.05000000e-01   4.00000000e-01
    2.00000000e+00]
 [  3.80000000e+01   5.80000000e-01   6.05000000e-01   1.37500000e-01
    2.00000000e+00]
 [  3.90000000e+01   5.80000000e-01   6.05000000e-01   3.12500000e-01
    2.00000000e+00]
 [  4.00000000e+01   5.80000000e-01   6.95000000e-01   2.25000000e-01
    2.00000000e+00]
 [  4.10000000e+01   5.80000000e-01   6.95000000e-01   5.00000000e-02
    2.00000000e+00]
 [  4.20000000e+01   5.80000000e-01   6.95000000e-01   4.00000000e-01
    2.00000000e+00]
 [  4.30000000e+01   5.80000000e-01   6.95000000e-01   1.37500000e-01
    2.00000000e+00]
 [  4.40000000e+01   5.80000000e-01   6.95000000e-01   3.12500000e-01
    2.00000000e+00]
 [  4.50000000e+01   5.80000000e-01   5.82500000e-01   2.25000000e-01
    2.00000000e+00]
 [  4.60000000e+01   5.80000000e-01   5.82500000e-01   5.00000000e-02
    2.00000000e+00]
 [  4.70000000e+01   5.80000000e-01   5.82500000e-01   4.00000000e-01
    2.00000000e+00]
 [  4.80000000e+01   5.80000000e-01   6.27500000e-01   2.25000000e-01
    2.00000000e+00]
 [  4.90000000e+01   5.80000000e-01   6.27500000e-01   5.00000000e-02
    2.00000000e+00]
 [  5.00000000e+01   5.80000000e-01   6.27500000e-01   4.00000000e-01
    2.00000000e+00]
 [  5.10000000e+01   5.80000000e-01   6.72500000e-01   2.25000000e-01
    2.00000000e+00]
 [  5.20000000e+01   5.80000000e-01   6.72500000e-01   5.00000000e-02
    2.00000000e+00]
 [  5.30000000e+01   5.80000000e-01   6.72500000e-01   4.00000000e-01
    2.00000000e+00]
 [  5.40000000e+01   5.80000000e-01   7.17500000e-01   2.25000000e-01
    2.00000000e+00]
 [  5.50000000e+01   5.80000000e-01   7.17500000e-01   5.00000000e-02
    2.00000000e+00]
 [  5.60000000e+01   5.80000000e-01   7.17500000e-01   4.00000000e-01
    2.00000000e+00]
 [  5.70000000e+01   5.80000000e-01   5.71250000e-01   2.25000000e-01
    2.00000000e+00]
 [  5.80000000e+01   5.80000000e-01   5.93750000e-01   2.25000000e-01
    2.00000000e+00]
 [  5.90000000e+01   5.80000000e-01   6.16250000e-01   2.25000000e-01
    2.00000000e+00]
 [  6.00000000e+01   5.80000000e-01   6.38750000e-01   2.25000000e-01
    2.00000000e+00]
 [  6.10000000e+01   5.80000000e-01   6.61250000e-01   2.25000000e-01
    2.00000000e+00]
 [  6.20000000e+01   5.80000000e-01   6.83750000e-01   2.25000000e-01
    2.00000000e+00]
 [  6.30000000e+01   5.80000000e-01   7.06250000e-01   2.25000000e-01
    2.00000000e+00]
 [  6.40000000e+01   5.80000000e-01   7.28750000e-01   2.25000000e-01
    2.00000000e+00]
 [  6.50000000e+01   5.00000000e-01   6.50000000e-01   2.25000000e-01
    2.00000000e+00]
 [  6.60000000e+01   5.00000000e-01   6.50000000e-01   5.00000000e-02
    2.00000000e+00]
 [  6.70000000e+01   5.00000000e-01   6.50000000e-01   4.00000000e-01
    2.00000000e+00]
 [  6.80000000e+01   5.00000000e-01   6.50000000e-01   1.37500000e-01
    2.00000000e+00]
 [  6.90000000e+01   5.00000000e-01   6.50000000e-01   3.12500000e-01
    2.00000000e+00]
 [  7.00000000e+01   5.00000000e-01   6.50000000e-01   9.37500000e-02
    2.00000000e+00]
 [  7.10000000e+01   5.00000000e-01   6.50000000e-01   1.81250000e-01
    2.00000000e+00]
 [  7.20000000e+01   5.00000000e-01   6.50000000e-01   2.68750000e-01
    2.00000000e+00]
 [  7.30000000e+01   5.00000000e-01   6.50000000e-01   3.56250000e-01
    2.00000000e+00]
 [  7.40000000e+01   5.00000000e-01   5.60000000e-01   2.25000000e-01
    2.00000000e+00]
 [  7.50000000e+01   5.00000000e-01   5.60000000e-01   5.00000000e-02
    2.00000000e+00]
 [  7.60000000e+01   5.00000000e-01   5.60000000e-01   4.00000000e-01
    2.00000000e+00]
 [  7.70000000e+01   5.00000000e-01   5.60000000e-01   1.37500000e-01
    2.00000000e+00]
 [  7.80000000e+01   5.00000000e-01   5.60000000e-01   3.12500000e-01
    2.00000000e+00]
 [  7.90000000e+01   5.00000000e-01   7.40000000e-01   2.25000000e-01
    2.00000000e+00]
 [  8.00000000e+01   5.00000000e-01   7.40000000e-01   5.00000000e-02
    2.00000000e+00]
 [  8.10000000e+01   5.00000000e-01   7.40000000e-01   4.00000000e-01
    2.00000000e+00]
 [  8.20000000e+01   5.00000000e-01   7.40000000e-01   1.37500000e-01
    2.00000000e+00]
 [  8.30000000e+01   5.00000000e-01   7.40000000e-01   3.12500000e-01
    2.00000000e+00]
 [  8.40000000e+01   5.00000000e-01   6.05000000e-01   2.25000000e-01
    2.00000000e+00]
 [  8.50000000e+01   5.00000000e-01   6.05000000e-01   5.00000000e-02
    2.00000000e+00]
 [  8.60000000e+01   5.00000000e-01   6.05000000e-01   4.00000000e-01
    2.00000000e+00]
 [  8.70000000e+01   5.00000000e-01   6.95000000e-01   2.25000000e-01
    2.00000000e+00]
 [  8.80000000e+01   5.00000000e-01   6.95000000e-01   5.00000000e-02
    2.00000000e+00]
 [  8.90000000e+01   5.00000000e-01   6.95000000e-01   4.00000000e-01
    2.00000000e+00]
 [  9.00000000e+01   5.00000000e-01   5.82500000e-01   2.25000000e-01
    2.00000000e+00]
 [  9.10000000e+01   5.00000000e-01   6.27500000e-01   2.25000000e-01
    2.00000000e+00]
 [  9.20000000e+01   5.00000000e-01   6.72500000e-01   2.25000000e-01
    2.00000000e+00]
 [  9.30000000e+01   5.00000000e-01   7.17500000e-01   2.25000000e-01
    2.00000000e+00]
 [  9.40000000e+01   6.60000000e-01   6.50000000e-01   2.25000000e-01
    2.00000000e+00]
 [  9.50000000e+01   6.60000000e-01   6.50000000e-01   5.00000000e-02
    2.00000000e+00]
 [  9.60000000e+01   6.60000000e-01   6.50000000e-01   4.00000000e-01
    2.00000000e+00]
 [  9.70000000e+01   6.60000000e-01   6.50000000e-01   1.37500000e-01
    2.00000000e+00]
 [  9.80000000e+01   6.60000000e-01   6.50000000e-01   3.12500000e-01
    2.00000000e+00]
 [  9.90000000e+01   6.60000000e-01   6.50000000e-01   9.37500000e-02
    2.00000000e+00]
 [  1.00000000e+02   6.60000000e-01   6.50000000e-01   1.81250000e-01
    2.00000000e+00]
 [  1.01000000e+02   6.60000000e-01   6.50000000e-01   2.68750000e-01
    2.00000000e+00]
 [  1.02000000e+02   6.60000000e-01   6.50000000e-01   3.56250000e-01
    2.00000000e+00]
 [  1.03000000e+02   6.60000000e-01   5.60000000e-01   2.25000000e-01
    2.00000000e+00]
 [  1.04000000e+02   6.60000000e-01   5.60000000e-01   5.00000000e-02
    2.00000000e+00]
 [  1.05000000e+02   6.60000000e-01   5.60000000e-01   4.00000000e-01
    2.00000000e+00]
 [  1.06000000e+02   6.60000000e-01   5.60000000e-01   1.37500000e-01
    2.00000000e+00]
 [  1.07000000e+02   6.60000000e-01   5.60000000e-01   3.12500000e-01
    2.00000000e+00]
 [  1.08000000e+02   6.60000000e-01   7.40000000e-01   2.25000000e-01
    2.00000000e+00]
 [  1.09000000e+02   6.60000000e-01   7.40000000e-01   5.00000000e-02
    2.00000000e+00]
 [  1.10000000e+02   6.60000000e-01   7.40000000e-01   4.00000000e-01
    2.00000000e+00]
 [  1.11000000e+02   6.60000000e-01   7.40000000e-01   1.37500000e-01
    2.00000000e+00]
 [  1.12000000e+02   6.60000000e-01   7.40000000e-01   3.12500000e-01
    2.00000000e+00]
 [  1.13000000e+02   6.60000000e-01   6.05000000e-01   2.25000000e-01
    2.00000000e+00]
 [  1.14000000e+02   6.60000000e-01   6.05000000e-01   5.00000000e-02
    2.00000000e+00]
 [  1.15000000e+02   6.60000000e-01   6.05000000e-01   4.00000000e-01
    2.00000000e+00]
 [  1.16000000e+02   6.60000000e-01   6.95000000e-01   2.25000000e-01
    2.00000000e+00]
 [  1.17000000e+02   6.60000000e-01   6.95000000e-01   5.00000000e-02
    2.00000000e+00]
 [  1.18000000e+02   6.60000000e-01   6.95000000e-01   4.00000000e-01
    2.00000000e+00]
 [  1.19000000e+02   6.60000000e-01   5.82500000e-01   2.25000000e-01
    2.00000000e+00]
 [  1.20000000e+02   6.60000000e-01   6.27500000e-01   2.25000000e-01
    2.00000000e+00]
 [  1.21000000e+02   6.60000000e-01   6.72500000e-01   2.25000000e-01
    2.00000000e+00]
 [  1.22000000e+02   6.60000000e-01   7.17500000e-01   2.25000000e-01
    2.00000000e+00]
 [  1.23000000e+02   5.40000000e-01   6.50000000e-01   2.25000000e-01
    2.00000000e+00]
 [  1.24000000e+02   5.40000000e-01   6.50000000e-01   5.00000000e-02
    2.00000000e+00]
 [  1.25000000e+02   5.40000000e-01   6.50000000e-01   4.00000000e-01
    2.00000000e+00]
 [  1.26000000e+02   5.40000000e-01   6.50000000e-01   1.37500000e-01
    2.00000000e+00]
 [  1.27000000e+02   5.40000000e-01   6.50000000e-01   3.12500000e-01
    2.00000000e+00]
 [  1.28000000e+02   5.40000000e-01   5.60000000e-01   2.25000000e-01
    2.00000000e+00]
 [  1.29000000e+02   5.40000000e-01   5.60000000e-01   5.00000000e-02
    2.00000000e+00]
 [  1.30000000e+02   5.40000000e-01   5.60000000e-01   4.00000000e-01
    2.00000000e+00]
 [  1.31000000e+02   5.40000000e-01   7.40000000e-01   2.25000000e-01
    2.00000000e+00]
 [  1.32000000e+02   5.40000000e-01   7.40000000e-01   5.00000000e-02
    2.00000000e+00]
 [  1.33000000e+02   5.40000000e-01   7.40000000e-01   4.00000000e-01
    2.00000000e+00]
 [  1.34000000e+02   5.40000000e-01   6.05000000e-01   2.25000000e-01
    2.00000000e+00]
 [  1.35000000e+02   5.40000000e-01   6.95000000e-01   2.25000000e-01
    2.00000000e+00]
 [  1.36000000e+02   6.20000000e-01   6.50000000e-01   2.25000000e-01
    2.00000000e+00]
 [  1.37000000e+02   6.20000000e-01   6.50000000e-01   5.00000000e-02
    2.00000000e+00]
 [  1.38000000e+02   6.20000000e-01   6.50000000e-01   4.00000000e-01
    2.00000000e+00]
 [  1.39000000e+02   6.20000000e-01   6.50000000e-01   1.37500000e-01
    2.00000000e+00]
 [  1.40000000e+02   6.20000000e-01   6.50000000e-01   3.12500000e-01
    2.00000000e+00]
 [  1.41000000e+02   6.20000000e-01   5.60000000e-01   2.25000000e-01
    2.00000000e+00]
 [  1.42000000e+02   6.20000000e-01   5.60000000e-01   5.00000000e-02
    2.00000000e+00]
 [  1.43000000e+02   6.20000000e-01   5.60000000e-01   4.00000000e-01
    2.00000000e+00]
 [  1.44000000e+02   6.20000000e-01   7.40000000e-01   2.25000000e-01
    2.00000000e+00]
 [  1.45000000e+02   6.20000000e-01   7.40000000e-01   5.00000000e-02
    2.00000000e+00]
 [  1.46000000e+02   6.20000000e-01   7.40000000e-01   4.00000000e-01
    2.00000000e+00]
 [  1.47000000e+02   6.20000000e-01   6.05000000e-01   2.25000000e-01
    2.00000000e+00]
 [  1.48000000e+02   6.20000000e-01   6.95000000e-01   2.25000000e-01
    2.00000000e+00]
 [  1.49000000e+02   5.20000000e-01   6.50000000e-01   2.25000000e-01
    2.00000000e+00]
 [  1.50000000e+02   5.20000000e-01   6.50000000e-01   5.00000000e-02
    2.00000000e+00]
 [  1.51000000e+02   5.20000000e-01   6.50000000e-01   4.00000000e-01
    2.00000000e+00]
 [  1.52000000e+02   5.20000000e-01   5.60000000e-01   2.25000000e-01
    2.00000000e+00]
 [  1.53000000e+02   5.20000000e-01   7.40000000e-01   2.25000000e-01
    2.00000000e+00]
 [  1.54000000e+02   5.60000000e-01   6.50000000e-01   2.25000000e-01
    2.00000000e+00]
 [  1.55000000e+02   5.60000000e-01   6.50000000e-01   5.00000000e-02
    2.00000000e+00]
 [  1.56000000e+02   5.60000000e-01   6.50000000e-01   4.00000000e-01
    2.00000000e+00]
 [  1.57000000e+02   5.60000000e-01   5.60000000e-01   2.25000000e-01
    2.00000000e+00]
 [  1.58000000e+02   5.60000000e-01   7.40000000e-01   2.25000000e-01
    2.00000000e+00]
 [  1.59000000e+02   6.00000000e-01   6.50000000e-01   2.25000000e-01
    2.00000000e+00]
 [  1.60000000e+02   6.00000000e-01   6.50000000e-01   5.00000000e-02
    2.00000000e+00]
 [  1.61000000e+02   6.00000000e-01   6.50000000e-01   4.00000000e-01
    2.00000000e+00]
 [  1.62000000e+02   6.00000000e-01   5.60000000e-01   2.25000000e-01
    2.00000000e+00]
 [  1.63000000e+02   6.00000000e-01   7.40000000e-01   2.25000000e-01
    2.00000000e+00]
 [  1.64000000e+02   6.40000000e-01   6.50000000e-01   2.25000000e-01
    2.00000000e+00]
 [  1.65000000e+02   6.40000000e-01   6.50000000e-01   5.00000000e-02
    2.00000000e+00]
 [  1.66000000e+02   6.40000000e-01   6.50000000e-01   4.00000000e-01
    2.00000000e+00]
 [  1.67000000e+02   6.40000000e-01   5.60000000e-01   2.25000000e-01
    2.00000000e+00]
 [  1.68000000e+02   6.40000000e-01   7.40000000e-01   2.25000000e-01
    2.00000000e+00]
 [  1.69000000e+02   5.10000000e-01   6.50000000e-01   2.25000000e-01
    2.00000000e+00]
 [  1.70000000e+02   5.30000000e-01   6.50000000e-01   2.25000000e-01
    2.00000000e+00]
 [  1.71000000e+02   5.50000000e-01   6.50000000e-01   2.25000000e-01
    2.00000000e+00]
 [  1.72000000e+02   5.70000000e-01   6.50000000e-01   2.25000000e-01
    2.00000000e+00]
 [  1.73000000e+02   5.90000000e-01   6.50000000e-01   2.25000000e-01
    2.00000000e+00]
 [  1.74000000e+02   6.10000000e-01   6.50000000e-01   2.25000000e-01
    2.00000000e+00]
 [  1.75000000e+02   6.30000000e-01   6.50000000e-01   2.25000000e-01
    2.00000000e+00]
 [  1.76000000e+02   6.50000000e-01   6.50000000e-01   2.25000000e-01
    2.00000000e+00]]
size of points, sigma two 161
size of points, sigma two 122
size of points, sigma two 174
size of points, sigma two 223
size of points, sigma two 281
size of points, sigma two 356
size of points, sigma two 448
size of points, sigma two 704
size of points, sigma two 902
size of points, sigma two 1228
size of points, sigma two 1639
size of points, sigma two 1989
size of points, sigma two 2723
50
mean error 0.0113748566743
(59, 120)
siam points
[ 0.          0.55        0.59        0.2         1.          0.6181164
  0.69025629  0.59        0.        ]
(120, 150)
[[   0.            0.61928873    0.69147837 ...,    0.62142734
     0.69225322    1.        ]
 [   1.            0.61928873    0.69147837 ...,    0.62142734
     0.69225322    1.        ]
 [   2.            0.61928873    0.69147837 ...,    0.62142734
     0.69225322    1.        ]
 ..., 
 [ 117.            0.61928873    0.69147837 ...,    0.62142734
     0.69225322    1.        ]
 [ 118.            0.59241794    0.63753883 ...,    0.59260239
     0.63850337    1.        ]
 [ 119.            0.61928873    0.69147837 ...,    0.62142734
     0.69225322    1.        ]]
(120, 150)
[[   0.            0.51240148    0.62381757 ...,    0.66787273
     0.62398076    2.        ]
 [   1.            0.51240148    0.62381757 ...,    0.66787273
     0.62398076    2.        ]
 [   2.            0.51240148    0.62381757 ...,    0.6143372     0.62583884
     2.        ]
 ..., 
 [ 117.            0.51240148    0.62381757 ...,    0.66787273
     0.62398076    2.        ]
 [ 118.            0.53627486    0.5954574  ...,    0.6453954     0.60124628
     2.        ]
 [ 119.            0.51240148    0.62381757 ...,    0.66787273
     0.62398076    2.        ]]
(120, 150)
[[   0.            0.61104564    0.67208181 ...,    0.6085144     0.6777601
     3.        ]
 [   1.            0.61104564    0.67208181 ...,    0.6085144     0.6777601
     3.        ]
 [   2.            0.58049062    0.61736723 ...,    0.63742404
     0.61189918    3.        ]
 ..., 
 [ 117.            0.61104564    0.67208181 ...,    0.58984758
     0.65313571    3.        ]
 [ 118.            0.60731004    0.65776524 ...,    0.61038868
     0.65041085    3.        ]
 [ 119.            0.61104564    0.67208181 ...,    0.6085144     0.6777601
     3.        ]]
(120, 150)
[[   0.            0.51625253    0.61325766 ...,    0.65303783
     0.61585802    4.        ]
 [   1.            0.51625253    0.61325766 ...,    0.65303783
     0.61585802    4.        ]
 [   2.            0.56946446    0.63931043 ...,    0.62618364
     0.63539237    4.        ]
 ..., 
 [ 117.            0.53552252    0.58826865 ...,    0.63868763
     0.59745643    4.        ]
 [ 118.            0.52620213    0.60827867 ...,    0.64135031
     0.60958366    4.        ]
 [ 119.            0.51625253    0.61325766 ...,    0.65303783
     0.61585802    4.        ]]
(120, 150)
[[   0.            0.59746516    0.65248012 ...,    0.61581354
     0.64249835    5.        ]
 [   1.            0.59746516    0.65248012 ...,    0.61581354
     0.64249835    5.        ]
 [   2.            0.55413668    0.62537679 ...,    0.62346704
     0.62739928    5.        ]
 ..., 
 [ 117.            0.61024357    0.65350676 ...,    0.59498804
     0.65834921    5.        ]
 [ 118.            0.5877928     0.63654876 ...,    0.59753785
     0.64431344    5.        ]
 [ 119.            0.59746516    0.65248012 ...,    0.61581354
     0.64249835    5.        ]]
(120, 150)
[[   0.            0.52287925    0.60619654 ...,    0.64307182
     0.60237837    6.        ]
 [   1.            0.52287925    0.60619654 ...,    0.64307182
     0.60237837    6.        ]
 [   2.            0.56362033    0.62491525 ...,    0.60957136
     0.63678016    6.        ]
 ..., 
 [ 117.            0.51693992    0.59755004 ...,    0.6376041     0.59734527
     6.        ]
 [ 118.            0.53918074    0.60552578 ...,    0.60460645
     0.61899471    6.        ]
 [ 119.            0.52287925    0.60619654 ...,    0.64307182
     0.60237837    6.        ]]
(120, 150)
[[   0.            0.59658706    0.64093437 ...,    0.60262626
     0.59264195    7.        ]
 [   1.            0.59658706    0.64093437 ...,    0.60157314
     0.64144769    7.        ]
 [   2.            0.56498286    0.62096169 ...,    0.60096421
     0.63864798    7.        ]
 ..., 
 [ 117.            0.60048994    0.63873373 ...,    0.5937887     0.59301445
     7.        ]
 [ 118.            0.59743382    0.63266109 ...,    0.59132042
     0.63685931    7.        ]
 [ 119.            0.59658706    0.64093437 ...,    0.60157314
     0.64144769    7.        ]]
(120, 150)
[[   0.            0.52089009    0.56074498 ...,    0.63560412
     0.55854236    8.        ]
 [   1.            0.52919693    0.59982733 ...,    0.61562588
     0.60854342    8.        ]
 [   2.            0.55796711    0.61300052 ...,    0.60723153
     0.61774331    8.        ]
 ..., 
 [ 117.            0.53470558    0.56483069 ...,    0.62274386
     0.56957204    8.        ]
 [ 118.            0.53631641    0.59646642 ...,    0.59816364
     0.60743818    8.        ]
 [ 119.            0.52919693    0.59982733 ...,    0.61562588
     0.60854342    8.        ]]
(120, 150)
[[   0.            0.62238612    0.63813909 ...,    0.57693442
     0.59470384    9.        ]
 [   1.            0.60102336    0.6342058  ...,    0.58864726
     0.63803408    9.        ]
 [   2.            0.5618761     0.61116953 ...,    0.60002159
     0.61911191    9.        ]
 ..., 
 [ 117.            0.60590293    0.6276184  ...,    0.58504759
     0.63250479    9.        ]
 [ 118.            0.59842916    0.62546186 ...,    0.58693029
     0.63171761    9.        ]
 [ 119.            0.60102336    0.6342058  ...,    0.58864726
     0.63803408    9.        ]]
(120, 150)
[[   0.            0.57377393    0.60030485 ...,    0.72858144
     0.60030485   10.        ]
 [   1.            0.52992903    0.59221651 ...,    0.60738663
     0.60097708   10.        ]
 [   2.            0.56521851    0.60896938 ...,    0.59694312
     0.62053719   10.        ]
 ..., 
 [ 117.            0.52096534    0.57912339 ...,    0.60922563    0.5841024
    10.        ]
 [ 118.            0.52992369    0.5859492  ...,    0.59814782
     0.60052305   10.        ]
 [ 119.            0.52992903    0.59221651 ...,    0.60738663
     0.60097708   10.        ]]
(120, 150)
[[   0.            0.62028388    0.72923971 ...,    0.64695003    0.7367834
    11.        ]
 [   1.            0.59694678    0.62375603 ...,    0.58554272
     0.62711476   11.        ]
 [   2.            0.55975801    0.60237362 ...,    0.59190049
     0.60459866   11.        ]
 ..., 
 [ 117.            0.60213103    0.61797017 ...,    0.56559327
     0.62972535   11.        ]
 [ 118.            0.61057467    0.62465158 ...,    0.56742757    0.6406706
    11.        ]
 [ 119.            0.59694678    0.62375603 ...,    0.58554272
     0.62711476   11.        ]]
(120, 150)
[[   0.            0.5014462     0.64801409 ...,    0.70346538
     0.64801409   12.        ]
 [   1.            0.54338022    0.59218261 ...,    0.59155155
     0.60114848   12.        ]
 [   2.            0.56784221    0.60314245 ...,    0.58570165
     0.61264302   12.        ]
 ..., 
 [ 117.            0.53478106    0.57968776 ...,    0.58730347    0.5958423
    12.        ]
 [ 118.            0.53358087    0.58098654 ...,    0.59684177
     0.59413712   12.        ]
 [ 119.            0.54338022    0.59218261 ...,    0.59155155
     0.60114848   12.        ]]
(120, 150)
[[   0.            0.61161149    0.70258606 ...,    0.63988624
     0.70523786   13.        ]
 [   1.            0.59269448    0.61452293 ...,    0.57774763
     0.62055561   13.        ]
 [   2.            0.55951478    0.59558307 ...,    0.56452743
     0.58941587   13.        ]
 ..., 
 [ 117.            0.59587584    0.60897639 ...,    0.55724553
     0.62920792   13.        ]
 [ 118.            0.59387951    0.60941239 ...,    0.55733821
     0.63274753   13.        ]
 [ 119.            0.59269448    0.61452293 ...,    0.57774763
     0.62055561   13.        ]]
(120, 150)
[[   0.            0.51626007    0.63917976 ...,    0.6734683     0.63917976
    14.        ]
 [   1.            0.53570012    0.58155908 ...,    0.5720966     0.56516736
    14.        ]
 [   2.            0.53304141    0.54479562 ...,    0.5987937     0.55027174
    14.        ]
 ..., 
 [ 117.            0.53820543    0.57632162 ...,    0.56234334
     0.59577111   14.        ]
 [ 118.            0.5477199     0.58231411 ...,    0.59127938
     0.54089108   14.        ]
 [ 119.            0.53570012    0.58155908 ...,    0.56851496
     0.61122433   14.        ]]
(120, 150)
[[   0.            0.59787884    0.67737406 ...,    0.62780257
     0.68094683   15.        ]
 [   1.            0.55644297    0.55519702 ...,    0.5939361     0.54507926
    15.        ]
 [   2.            0.61647384    0.61344864 ...,    0.55106177
     0.62190851   15.        ]
 ..., 
 [ 117.            0.60487119    0.6083515  ...,    0.54898989
     0.61986113   15.        ]
 [ 118.            0.52963642    0.53697713 ...,    0.5643808     0.55612386
    15.        ]
 [ 119.            0.60252024    0.61345695 ...,    0.55633816    0.6323353
    15.        ]]
(120, 150)
[[   0.            0.53116823    0.63280851 ...,    0.60437141
     0.63137643   16.        ]
 [   1.            0.60449937    0.60709346 ...,    0.54163018
     0.62883725   16.        ]
 [   2.            0.52720631    0.56544724 ...,    0.57598691
     0.57845104   16.        ]
 ..., 
 [ 117.            0.5454011     0.57591372 ...,    0.56461559
     0.58801023   16.        ]
 [ 118.            0.6446417     0.62046768 ...,    0.54822083
     0.62918769   16.        ]
 [ 119.            0.54562106    0.58165624 ...,    0.56497905
     0.60422418   16.        ]]
(120, 150)
[[   0.            0.56460091    0.60737745 ...,    0.63672448
     0.61321912   17.        ]
 [   1.            0.54164525    0.57227344 ...,    0.5702797     0.57695289
    17.        ]
 [   2.            0.6050925     0.6026948  ...,    0.53769953
     0.62957723   17.        ]
 ..., 
 [ 117.            0.58619861    0.59422838 ...,    0.53717325
     0.62486271   17.        ]
 [ 118.            0.54528701    0.59828827 ...,    0.71718794
     0.59828827   17.        ]
 [ 119.            0.59003106    0.60207624 ...,    0.56707851
     0.60750728   17.        ]]
(120, 150)
[[   0.            0.57676629    0.64006315 ...,    0.62057028
     0.63715548   18.        ]
 [   1.            0.59057053    0.59494799 ...,    0.58641294
     0.52966881   18.        ]
 [   2.            0.54251436    0.56901006 ...,    0.56600454
     0.58018798   18.        ]
 ..., 
 [ 117.            0.55741034    0.5773859  ...,    0.55511354
     0.58499484   18.        ]
 [ 118.            0.63548801    0.7219736  ...,    0.62237413
     0.74533091   18.        ]
 [ 119.            0.5364201     0.57201651 ...,    0.56489888
     0.58830636   18.        ]]
(120, 150)
[[   0.            0.54633232    0.61800671 ...,    0.622386      0.62369808
    19.        ]
 [   1.            0.52577691    0.52696768 ...,    0.54734968
     0.58008153   19.        ]
 [   2.            0.5845511     0.5879924  ...,    0.52660072
     0.62621972   19.        ]
 ..., 
 [ 117.            0.58139475    0.58751088 ...,    0.53934339
     0.60867757   19.        ]
 [ 118.            0.48960306    0.62748213 ...,    0.69173643
     0.62748213   19.        ]
 [ 119.            0.60565028    0.60512582 ...,    0.53514198
     0.63150861   19.        ]]
(120, 150)
[[   0.            0.58043402    0.63120616 ...,    0.61034061
     0.62212844   20.        ]
 [   1.            0.6510075     0.61498718 ...,    0.59421713
     0.54677165   20.        ]
 [   2.            0.57036653    0.57902458 ...,    0.5534638     0.59183363
    20.        ]
 ..., 
 [ 117.            0.55664871    0.57294008 ...,    0.54754014
     0.58665179   20.        ]
 [ 118.            0.62809215    0.69823635 ...,    0.61668748
     0.70913308   20.        ]
 [ 119.            0.54185361    0.57049175 ...,    0.5699448     0.57304457
    20.        ]]
(120, 150)
[[   0.            0.54400177    0.60693717 ...,    0.60582896
     0.61661029   21.        ]
 [   1.            0.50263773    0.53909305 ...,    0.58685994
     0.55494964   21.        ]
 [   2.            0.56979799    0.57663538 ...,    0.55595014
     0.58538247   21.        ]
 ..., 
 [ 117.            0.58608808    0.58552911 ...,    0.53824157
     0.60332877   21.        ]
 [ 118.            0.49955367    0.61802198 ...,    0.62605516
     0.61802198   21.        ]
 [ 119.            0.58792157    0.59188124 ...,    0.52700674
     0.63529493   21.        ]]
(120, 150)
[[   0.            0.58374268    0.62409367 ...,    0.58799928
     0.63520872   22.        ]
 [   1.            0.61396093    0.59246622 ...,    0.58691244
     0.52946631   22.        ]
 [   2.            0.56251151    0.57082931 ...,    0.5719428     0.52131169
    22.        ]
 ..., 
 [ 117.            0.56501943    0.57306719 ...,    0.56828943    0.5748673
    22.        ]
 [ 118.            0.59246051    0.62550763 ...,    0.62655355
     0.62934414   22.        ]
 [ 119.            0.57893555    0.5855158  ...,    0.55879404
     0.58570128   22.        ]]
(120, 150)
[[   0.            0.54720562    0.60078063 ...,    0.59968496
     0.60819208   23.        ]
 [   1.            0.52408847    0.54580884 ...,    0.60025665    0.531162
    23.        ]
 [   2.            0.59695027    0.58459365 ...,    0.67220165
     0.58459365   23.        ]
 ..., 
 [ 117.            0.55804961    0.56743002 ...,    0.56099124
     0.53285238   23.        ]
 [ 118.            0.55285304    0.63091515 ...,    0.62937271
     0.63689845   23.        ]
 [ 119.            0.5592805     0.57348072 ...,    0.54761652    0.5639808
    23.        ]]
(120, 150)
[[   0.            0.57920127    0.61454252 ...,    0.589977      0.61981468
    24.        ]
 [   1.            0.5806951     0.57169354 ...,    0.56017698    0.573973
    24.        ]
 [   2.            0.59724023    0.6743017  ...,    0.62626966
     0.67762441   24.        ]
 ..., 
 [ 117.            0.5360795     0.521927   ...,    0.55217544
     0.55220257   24.        ]
 [ 118.            0.571786      0.63537056 ...,    0.61554453
     0.63860094   24.        ]
 [ 119.            0.53497773    0.52626973 ...,    0.54638537
     0.57186177   24.        ]]
(120, 150)
[[   0.            0.55006127    0.59591243 ...,    0.59215985
     0.60219867   25.        ]
 [   1.            0.54193633    0.55031573 ...,    0.58879492    0.524244
    25.        ]
 [   2.            0.53349712    0.63115315 ...,    0.65724663
     0.62549282   25.        ]
 ..., 
 [ 117.            0.62841175    0.59395737 ...,    0.5901322     0.52378836
    25.        ]
 [ 118.            0.55185749    0.61912509 ...,    0.61943871
     0.62498366   25.        ]
 [ 119.            0.63451004    0.60233352 ...,    0.58831332
     0.54105751   25.        ]]
(120, 150)
[[   0.            0.57937626    0.60774818 ...,    0.56298252
     0.59027154   26.        ]
 [   1.            0.55892513    0.55639267 ...,    0.53616344
     0.53602657   26.        ]
 [   2.            0.58868026    0.655502   ...,    0.58782278
     0.64987643   26.        ]
 ..., 
 [ 117.            0.51443109    0.53600265 ...,    0.61482395    0.4841673
    26.        ]
 [ 118.            0.56245456    0.62012861 ...,    0.60545961
     0.63021521   26.        ]
 [ 119.            0.55558876    0.59344207 ...,    0.7043645     0.59344207
    26.        ]]
(120, 150)
[[   0.            0.53879269    0.54946504 ...,    0.5713808     0.54577506
    27.        ]
 [   1.            0.55715262    0.52127436 ...,    0.50964695
     0.52940573   27.        ]
 [   2.            0.52598877    0.57861902 ...,    0.61287976
     0.56278888   27.        ]
 ..., 
 [ 117.            0.59000653    0.57106541 ...,    0.59375952
     0.51212781   27.        ]
 [ 118.            0.55809505    0.6132046  ...,    0.58965593
     0.59343493   27.        ]
 [ 119.            0.63048478    0.70984202 ...,    0.62274409
     0.72566506   27.        ]]
(120, 150)
[[   0.            0.5794868     0.56254878 ...,    0.59140795
     0.55167883   28.        ]
 [   1.            0.5896317     0.53212998 ...,    0.53440413
     0.55649068   28.        ]
 [   2.            0.58033343    0.59561791 ...,    0.62275441
     0.57913872   28.        ]
 ..., 
 [ 117.            0.51414102    0.53139056 ...,    0.56234561
     0.53890571   28.        ]
 [ 118.            0.52774039    0.5581784  ...,    0.61425426
     0.56591339   28.        ]
 [ 119.            0.50284242    0.6277963  ...,    0.67802117    0.6277963
    28.        ]]
(120, 150)
[[   0.            0.57013764    0.58676247 ...,    0.55965935
     0.58831099   29.        ]
 [   1.            0.57408156    0.55397522 ...,    0.53027755
     0.56701079   29.        ]
 [   2.            0.5645813     0.61455694 ...,    0.59834524
     0.62771449   29.        ]
 ..., 
 [ 117.            0.60742222    0.57440109 ...,    0.58529194
     0.51140183   29.        ]
 [ 118.            0.62038738    0.63078714 ...,    0.57220978
     0.63721312   29.        ]
 [ 119.            0.61137357    0.68113354 ...,    0.62225407
     0.68237118   29.        ]]
(120, 150)
[[   0.            0.56632233    0.58201003 ...,    0.55159504
     0.59954878   30.        ]
 [   1.            0.56411105    0.54747693 ...,    0.51661544    0.5690827
    30.        ]
 [   2.            0.55820875    0.60663197 ...,    0.60227475
     0.60383718   30.        ]
 ..., 
 [ 117.            0.51199149    0.52607474 ...,    0.56048617
     0.52743266   30.        ]
 [ 118.            0.51703153    0.57336333 ...,    0.60234435    0.5826809
    30.        ]
 [ 119.            0.51513376    0.62034343 ...,    0.66146964
     0.62102463   30.        ]]
(120, 150)
[[   0.            0.56921586    0.5813192  ...,    0.56411       0.55185434
    31.        ]
 [   1.            0.58282249    0.55485265 ...,    0.53894549
     0.56265878   31.        ]
 [   2.            0.56198541    0.60482132 ...,    0.59468393
     0.60859785   31.        ]
 ..., 
 [ 117.            0.61441539    0.57361589 ...,    0.52201906
     0.58599349   31.        ]
 [ 118.            0.60955399    0.61834467 ...,    0.5545714     0.64103881
    31.        ]
 [ 119.            0.60315678    0.6634284  ...,    0.61315149
     0.66597631   31.        ]]
(120, 150)
[[   0.            0.52974124    0.52624299 ...,    0.55467504
     0.56571986   32.        ]
 [   1.            0.55029062    0.53786478 ...,    0.5133013     0.56105566
    32.        ]
 [   2.            0.56960581    0.60562013 ...,    0.58970291
     0.61169938   32.        ]
 ..., 
 [ 117.            0.52881571    0.53081126 ...,    0.50947655    0.5696346
    32.        ]
 [ 118.            0.53961405    0.57963229 ...,    0.57691575
     0.59829587   32.        ]
 [ 119.            0.51509288    0.60844351 ...,    0.6513289     0.60935011
    32.        ]]
(120, 150)
[[   0.            0.63699556    0.60554309 ...,    0.58832474
     0.54173611   33.        ]
 [   1.            0.59952597    0.55936719 ...,    0.52817337
     0.57673599   33.        ]
 [   2.            0.56070823    0.59780212 ...,    0.56649813
     0.58961475   33.        ]
 ..., 
 [ 117.            0.64168264    0.58277106 ...,    0.52537982
     0.57435294   33.        ]
 [ 118.            0.59647424    0.60646214 ...,    0.55664547
     0.61905225   33.        ]
 [ 119.            0.59470191    0.64709319 ...,    0.61044721
     0.64606454   33.        ]]
(120, 150)
[[   0.            0.56066995    0.59765505 ...,    0.70919266
     0.59765505   34.        ]
 [   1.            0.54409828    0.5316166  ...,    0.51005748
     0.56155773   34.        ]
 [   2.            0.532948      0.54588613 ...,    0.60224158    0.5481335
    34.        ]
 ..., 
 [ 117.            0.59042528    0.59401186 ...,    0.58497414
     0.52937935   34.        ]
 [ 118.            0.54818477    0.57936823 ...,    0.5638224     0.59585861
    34.        ]
 [ 119.            0.5342893     0.6091283  ...,    0.65402689
     0.58956099   34.        ]]
(120, 150)
[[   0.            0.62280671    0.71345804 ...,    0.63853679
     0.71865801   35.        ]
 [   1.            0.60760012    0.56001703 ...,    0.51944459    0.579152
    35.        ]
 [   2.            0.61838659    0.61574345 ...,    0.548069      0.62983113
    35.        ]
 ..., 
 [ 117.            0.52730681    0.52781308 ...,    0.54141354
     0.58542064   35.        ]
 [ 118.            0.59334764    0.59994153 ...,    0.5430632     0.62204463
    35.        ]
 [ 119.            0.56988281    0.62307264 ...,    0.60713205
     0.57159471   35.        ]]
(120, 150)
[[   0.            0.49126447    0.62726235 ...,    0.68939445
     0.62726235   36.        ]
 [   1.            0.54155252    0.52742041 ...,    0.50439284    0.561447
    36.        ]
 [   2.            0.52485733    0.56516933 ...,    0.57672505
     0.58243034   36.        ]
 ..., 
 [ 117.            0.65568241    0.61783788 ...,    0.59120877
     0.54998866   36.        ]
 [ 118.            0.55713399    0.57921677 ...,    0.55985941
     0.57982911   36.        ]
 [ 119.            0.53516712    0.56440083 ...,    0.6130113     0.57540279
    36.        ]]
(120, 150)
[[   0.            0.6266567     0.69612955 ...,    0.61619498    0.7054213
    37.        ]
 [   1.            0.61598505    0.56055316 ...,    0.52270399
     0.56135874   37.        ]
 [   2.            0.60215409    0.60208144 ...,    0.53814632
     0.62679578   37.        ]
 ..., 
 [ 117.            0.51191272    0.5446675  ...,    0.5995523     0.53135104
    37.        ]
 [ 118.            0.58778399    0.59255166 ...,    0.5302353     0.63234251
    37.        ]
 [ 119.            0.61702856    0.63339974 ...,    0.58284416
     0.62826311   37.        ]]
(120, 150)
[[   0.            0.49212053    0.61221873 ...,    0.68022803    0.6124704
    38.        ]
 [   1.            0.51772862    0.51267706 ...,    0.44004965
     0.58789732   38.        ]
 [   2.            0.54302983    0.57007986 ...,    0.5614968     0.5479605
    38.        ]
 ..., 
 [ 117.            0.59709994    0.58491665 ...,    0.56935503
     0.55383381   38.        ]
 [ 118.            0.57362753    0.58336537 ...,    0.54834389
     0.59880654   38.        ]
 [ 119.            0.52247072    0.58009409 ...,    0.56984325
     0.58500837   38.        ]]
(120, 150)
[[   0.            0.6288098     0.68211712 ...,    0.59960384
     0.69440874   39.        ]
 [   1.            0.73061559    0.61526714 ...,    0.56772935
     0.56144678   39.        ]
 [   2.            0.54552888    0.53592593 ...,    0.56886748
     0.55631926   39.        ]
 ..., 
 [ 117.            0.52660388    0.54748542 ...,    0.57741167
     0.55368458   39.        ]
 [ 118.            0.57073252    0.5799222  ...,    0.543048      0.59794478
    39.        ]
 [ 119.            0.57056289    0.56661968 ...,    0.58764661
     0.57197346   39.        ]]
(120, 150)
[[   0.            0.5018022     0.60542712 ...,    0.59376488
     0.62492275   40.        ]
 [   1.            0.49036926    0.53112131 ...,    0.58835758
     0.55423412   40.        ]
 [   2.            0.61885419    0.59983032 ...,    0.55235111    0.5896068
    40.        ]
 ..., 
 [ 117.            0.59219011    0.57798195 ...,    0.58808251
     0.52329145   40.        ]
 [ 118.            0.57705174    0.58106468 ...,    0.55588768
     0.59166679   40.        ]
 [ 119.            0.58485157    0.60255319 ...,    0.56467458
     0.61327862   40.        ]]
(120, 150)
[[   0.            0.59830562    0.61550621 ...,    0.61553505
     0.62334795   41.        ]
 [   1.            0.64115322    0.60364215 ...,    0.5999278     0.51949935
    41.        ]
 [   2.            0.56373862    0.60152077 ...,    0.69367509
     0.60152077   41.        ]
 ..., 
 [ 117.            0.51710107    0.53821868 ...,    0.59014126
     0.51646254   41.        ]
 [ 118.            0.56306751    0.57185377 ...,    0.5702808     0.56807457
    41.        ]
 [ 119.            0.55327399    0.5836437  ...,    0.56377543
     0.59866703   41.        ]]
(120, 150)
[[   0.            0.55484497    0.6209492  ...,    0.61585118
     0.62936371   42.        ]
 [   1.            0.51420656    0.5392505  ...,    0.60465372
     0.51510183   42.        ]
 [   2.            0.61322624    0.69911391 ...,    0.63446498
     0.70041514   42.        ]
 ..., 
 [ 117.            0.59696445    0.57552219 ...,    0.59288753
     0.50722122   42.        ]
 [ 118.            0.55762624    0.56697073 ...,    0.58733311
     0.53907214   42.        ]
 [ 119.            0.58295155    0.59656432 ...,    0.5538947     0.61427761
    42.        ]]
(120, 150)
